[rospy.client][INFO] 2018-06-14 13:45:08,670: init_node, name[/urdf_spawner], pid[445]
[xmlrpc][INFO] 2018-06-14 13:45:08,679: XML-RPC server binding to 127.0.0.1:0
[rospy.init][INFO] 2018-06-14 13:45:08,681: ROS Slave URI: [http://localhost:37559/]
[xmlrpc][INFO] 2018-06-14 13:45:08,681: Started XML-RPC server [http://localhost:37559/]
[rospy.impl.masterslave][INFO] 2018-06-14 13:45:08,682: _ready: http://localhost:37559/
[xmlrpc][INFO] 2018-06-14 13:45:08,687: xml rpc node: starting XML-RPC server
[rospy.registration][INFO] 2018-06-14 13:45:08,690: Registering with master node http://localhost:11311
[rospy.init][INFO] 2018-06-14 13:45:08,781: registered with master
[rospy.rosout][INFO] 2018-06-14 13:45:08,782: initializing /rosout core topic
[rospy.rosout][INFO] 2018-06-14 13:45:08,809: connected to core topic /rosout
[rospy.simtime][INFO] 2018-06-14 13:45:08,821: initializing /clock core topic
[rospy.simtime][INFO] 2018-06-14 13:45:08,840: connected to core topic /clock
[rospy.internal][INFO] 2018-06-14 13:45:08,863: topic[/clock] adding connection to [http://localhost:32879/], count 0
[rosout][INFO] 2018-06-14 13:45:08,880: Loading model XML from ros parameter
[rosout][INFO] 2018-06-14 13:45:08,950: Waiting for service /gazebo/spawn_urdf_model
[rosout][INFO] 2018-06-14 13:45:08,969: Calling service /gazebo/spawn_urdf_model
[rospy.internal][INFO] 2018-06-14 13:45:09,015: topic[/rosout] adding connection to [/rosout], count 0
[rosout][INFO] 2018-06-14 13:45:12,477: Spawn status: SpawnModel: Successfully spawned entity
[rosout][INFO] 2018-06-14 13:45:12,480: Waiting for service /gazebo/set_model_configuration
[rosout][INFO] 2018-06-14 13:45:12,504: temporary hack to **fix** the -J joint position option (issue #93), sleeping for 1 second to avoid race condition.
[rosout][INFO] 2018-06-14 13:45:13,508: Calling service /gazebo/set_model_configuration
[rosout][INFO] 2018-06-14 13:45:13,525: Set model configuration status: SetModelConfiguration: success
[rospy.core][INFO] 2018-06-14 13:45:13,527: signal_shutdown [atexit]
[rospy.internal][INFO] 2018-06-14 13:45:13,583: topic[/rosout] removing connection to /rosout
[rospy.internal][INFO] 2018-06-14 13:45:13,592: topic[/clock] removing connection to http://localhost:32879/
[rospy.internal][WARNING] 2018-06-14 13:45:13,597: Unknown error initiating TCP/IP socket to localhost:35667 (http://localhost:32879/): Traceback (most recent call last):
  File "/opt/ros/kinetic/lib/python2.7/dist-packages/rospy/impl/tcpros_base.py", line 558, in connect
    self.local_endpoint = self.socket.getsockname()
AttributeError: 'NoneType' object has no attribute 'getsockname'

[rospy.impl.masterslave][INFO] 2018-06-14 13:45:13,593: atexit
