[rospy.client][INFO] 2018-06-14 14:15:01,167: init_node, name[/urdf_spawner], pid[14586]
[xmlrpc][INFO] 2018-06-14 14:15:01,168: XML-RPC server binding to 127.0.0.1:0
[rospy.init][INFO] 2018-06-14 14:15:01,170: ROS Slave URI: [http://localhost:39587/]
[xmlrpc][INFO] 2018-06-14 14:15:01,170: Started XML-RPC server [http://localhost:39587/]
[rospy.impl.masterslave][INFO] 2018-06-14 14:15:01,171: _ready: http://localhost:39587/
[xmlrpc][INFO] 2018-06-14 14:15:01,172: xml rpc node: starting XML-RPC server
[rospy.registration][INFO] 2018-06-14 14:15:01,173: Registering with master node http://localhost:11311
[rospy.init][INFO] 2018-06-14 14:15:01,270: registered with master
[rospy.rosout][INFO] 2018-06-14 14:15:01,271: initializing /rosout core topic
[rospy.rosout][INFO] 2018-06-14 14:15:01,290: connected to core topic /rosout
[rospy.simtime][INFO] 2018-06-14 14:15:01,304: initializing /clock core topic
[rospy.simtime][INFO] 2018-06-14 14:15:01,346: connected to core topic /clock
[rosout][INFO] 2018-06-14 14:15:01,371: Loading model XML from ros parameter
[rospy.internal][INFO] 2018-06-14 14:15:01,405: topic[/clock] adding connection to [http://localhost:40415/], count 0
[rospy.internal][INFO] 2018-06-14 14:15:01,414: topic[/rosout] adding connection to [/rosout], count 0
[rosout][INFO] 2018-06-14 14:15:01,416: Waiting for service /gazebo/spawn_urdf_model
[rosout][INFO] 2018-06-14 14:15:01,452: Calling service /gazebo/spawn_urdf_model
[rosout][INFO] 2018-06-14 14:15:04,008: Spawn status: SpawnModel: Successfully spawned entity
[rosout][INFO] 2018-06-14 14:15:04,012: Waiting for service /gazebo/set_model_configuration
[rosout][INFO] 2018-06-14 14:15:04,063: temporary hack to **fix** the -J joint position option (issue #93), sleeping for 1 second to avoid race condition.
[rosout][INFO] 2018-06-14 14:15:05,064: Calling service /gazebo/set_model_configuration
[rosout][INFO] 2018-06-14 14:15:05,100: Set model configuration status: SetModelConfiguration: success
[rospy.core][INFO] 2018-06-14 14:15:05,101: signal_shutdown [atexit]
[rospy.internal][INFO] 2018-06-14 14:15:05,146: topic[/rosout] removing connection to /rosout
[rospy.internal][INFO] 2018-06-14 14:15:05,147: topic[/clock] removing connection to http://localhost:40415/
[rospy.impl.masterslave][INFO] 2018-06-14 14:15:05,148: atexit
[rospy.internal][WARNING] 2018-06-14 14:15:05,149: Unknown error initiating TCP/IP socket to localhost:40813 (http://localhost:40415/): Traceback (most recent call last):
  File "/opt/ros/kinetic/lib/python2.7/dist-packages/rospy/impl/tcpros_base.py", line 558, in connect
    self.local_endpoint = self.socket.getsockname()
AttributeError: 'NoneType' object has no attribute 'getsockname'

