[rospy.client][INFO] 2018-06-13 13:52:38,206: init_node, name[/rostopic_4759_1528897957905], pid[4759]
[xmlrpc][INFO] 2018-06-13 13:52:38,221: XML-RPC server binding to 0.0.0.0:0
[rospy.init][INFO] 2018-06-13 13:52:38,229: ROS Slave URI: [http://1bec68f2c012:35759/]
[xmlrpc][INFO] 2018-06-13 13:52:38,228: Started XML-RPC server [http://1bec68f2c012:35759/]
[rospy.impl.masterslave][INFO] 2018-06-13 13:52:38,230: _ready: http://1bec68f2c012:35759/
[xmlrpc][INFO] 2018-06-13 13:52:38,242: xml rpc node: starting XML-RPC server
[rospy.registration][INFO] 2018-06-13 13:52:38,243: Registering with master node http://localhost:11311
[rospy.init][INFO] 2018-06-13 13:52:38,329: registered with master
[rospy.rosout][INFO] 2018-06-13 13:52:38,330: initializing /rosout core topic
[rospy.rosout][INFO] 2018-06-13 13:52:38,351: connected to core topic /rosout
[rospy.simtime][INFO] 2018-06-13 13:52:38,357: initializing /clock core topic
[rospy.simtime][INFO] 2018-06-13 13:52:38,386: connected to core topic /clock
[rospy.internal][INFO] 2018-06-13 13:52:38,451: topic[/clock] adding connection to [http://localhost:39783/], count 0
[rospy.internal][INFO] 2018-06-13 13:52:38,585: topic[/rosout] adding connection to [/rosout], count 0
[rospy.internal][INFO] 2018-06-13 13:52:38,689: topic[/robot/joint_states] adding connection to [http://localhost:39783/], count 0
[rospy.core][INFO] 2018-06-13 13:52:38,832: signal_shutdown [atexit]
[rospy.internal][INFO] 2018-06-13 13:52:38,880: topic[/rosout] removing connection to /rosout
[rospy.internal][INFO] 2018-06-13 13:52:38,880: topic[/clock] removing connection to http://localhost:39783/
[rospy.internal][INFO] 2018-06-13 13:52:38,881: topic[/robot/joint_states] removing connection to http://localhost:39783/
[rospy.impl.masterslave][INFO] 2018-06-13 13:52:38,881: atexit
