[rospy.client][INFO] 2018-06-13 13:41:49,129: init_node, name[/rostopic_4659_1528897308916], pid[4659]
[xmlrpc][INFO] 2018-06-13 13:41:49,142: XML-RPC server binding to 0.0.0.0:0
[xmlrpc][INFO] 2018-06-13 13:41:49,146: Started XML-RPC server [http://1bec68f2c012:42765/]
[rospy.init][INFO] 2018-06-13 13:41:49,146: ROS Slave URI: [http://1bec68f2c012:42765/]
[rospy.impl.masterslave][INFO] 2018-06-13 13:41:49,150: _ready: http://1bec68f2c012:42765/
[xmlrpc][INFO] 2018-06-13 13:41:49,165: xml rpc node: starting XML-RPC server
[rospy.registration][INFO] 2018-06-13 13:41:49,165: Registering with master node http://localhost:11311
[rospy.init][INFO] 2018-06-13 13:41:49,251: registered with master
[rospy.rosout][INFO] 2018-06-13 13:41:49,252: initializing /rosout core topic
[rospy.rosout][INFO] 2018-06-13 13:41:49,269: connected to core topic /rosout
[rospy.simtime][INFO] 2018-06-13 13:41:49,283: initializing /clock core topic
[rospy.simtime][INFO] 2018-06-13 13:41:49,320: connected to core topic /clock
[rospy.internal][INFO] 2018-06-13 13:41:49,358: topic[/clock] adding connection to [http://localhost:39783/], count 0
[rospy.internal][INFO] 2018-06-13 13:41:49,551: topic[/rosout] adding connection to [/rosout], count 0
[rospy.internal][INFO] 2018-06-13 13:41:49,613: topic[/tf] adding connection to [http://localhost:45463/], count 0
[rospy.core][INFO] 2018-06-13 13:41:49,791: signal_shutdown [atexit]
[rospy.internal][INFO] 2018-06-13 13:41:49,826: topic[/rosout] removing connection to /rosout
[rospy.internal][INFO] 2018-06-13 13:41:49,830: topic[/clock] removing connection to http://localhost:39783/
[rospy.internal][INFO] 2018-06-13 13:41:49,831: topic[/tf] removing connection to http://localhost:45463/
[rospy.impl.masterslave][INFO] 2018-06-13 13:41:49,832: atexit
