[rospy.client][INFO] 2018-06-13 13:37:35,153: init_node, name[/urdf_spawner], pid[410]
[xmlrpc][INFO] 2018-06-13 13:37:35,155: XML-RPC server binding to 127.0.0.1:0
[rospy.init][INFO] 2018-06-13 13:37:35,158: ROS Slave URI: [http://localhost:33473/]
[xmlrpc][INFO] 2018-06-13 13:37:35,158: Started XML-RPC server [http://localhost:33473/]
[rospy.impl.masterslave][INFO] 2018-06-13 13:37:35,158: _ready: http://localhost:33473/
[xmlrpc][INFO] 2018-06-13 13:37:35,160: xml rpc node: starting XML-RPC server
[rospy.registration][INFO] 2018-06-13 13:37:35,160: Registering with master node http://localhost:11311
[rospy.init][INFO] 2018-06-13 13:37:35,259: registered with master
[rospy.rosout][INFO] 2018-06-13 13:37:35,259: initializing /rosout core topic
[rospy.rosout][INFO] 2018-06-13 13:37:35,262: connected to core topic /rosout
[rospy.simtime][INFO] 2018-06-13 13:37:35,266: initializing /clock core topic
[rospy.simtime][INFO] 2018-06-13 13:37:35,271: connected to core topic /clock
[rosout][INFO] 2018-06-13 13:37:35,275: Loading model XML from ros parameter
[rosout][INFO] 2018-06-13 13:37:35,290: Waiting for service /gazebo/spawn_urdf_model
[rospy.internal][INFO] 2018-06-13 13:37:35,369: topic[/rosout] adding connection to [/rosout], count 0
[rospy.internal][INFO] 2018-06-13 13:38:34,165: topic[/clock] adding connection to [http://localhost:39783/], count 0
[rosout][INFO] 2018-06-13 13:38:34,369: Calling service /gazebo/spawn_urdf_model
[rosout][INFO] 2018-06-13 13:38:36,628: Spawn status: SpawnModel: Successfully spawned entity
[rosout][INFO] 2018-06-13 13:38:36,629: Waiting for service /gazebo/set_model_configuration
[rosout][INFO] 2018-06-13 13:38:36,705: temporary hack to **fix** the -J joint position option (issue #93), sleeping for 1 second to avoid race condition.
[rosout][INFO] 2018-06-13 13:38:37,707: Calling service /gazebo/set_model_configuration
[rosout][INFO] 2018-06-13 13:38:37,724: Set model configuration status: SetModelConfiguration: success
[rospy.core][INFO] 2018-06-13 13:38:37,736: signal_shutdown [atexit]
[rospy.internal][INFO] 2018-06-13 13:38:37,746: topic[/rosout] removing connection to /rosout
[rospy.internal][INFO] 2018-06-13 13:38:37,756: topic[/clock] removing connection to http://localhost:39783/
[rospy.impl.masterslave][INFO] 2018-06-13 13:38:37,756: atexit
